  UnlitCubeExample.cpp
C:\Eng\include\RenderComponents.hpp(10,8): error C2039: 'Vec3': is not a member of 'eng'
  (compiling source file 'Examples/UnlitCubeExample.cpp')
  C:\Eng\include\RenderComponents.hpp(5,11):
  see declaration of 'eng'
  
C:\Eng\include\RenderComponents.hpp(10,12): error C2143: syntax error: missing ';' before '*'
  (compiling source file 'Examples/UnlitCubeExample.cpp')
  
C:\Eng\include\RenderComponents.hpp(10,12): error C4430: missing type specifier - int assumed. Note: C++ does not support default-int
  (compiling source file 'Examples/UnlitCubeExample.cpp')
  
C:\Eng\include\RenderComponents.hpp(10,22): error C2238: unexpected token(s) preceding ';'
  (compiling source file 'Examples/UnlitCubeExample.cpp')
  
C:\Eng\include\Modules.hpp(13,32): error C2504: 'Module': base class undefined
  (compiling source file 'Examples/UnlitCubeExample.cpp')
  
C:\Eng\include\Modules.hpp(19,8): error C3668: 'eng::modules::ObjectRenderer::Start': method with override specifier 'override' did not override any base class methods
  (compiling source file 'Examples/UnlitCubeExample.cpp')
  
C:\Eng\include\Modules.hpp(20,8): error C3668: 'eng::modules::ObjectRenderer::Update': method with override specifier 'override' did not override any base class methods
  (compiling source file 'Examples/UnlitCubeExample.cpp')
  
C:\Eng\include\Modules.hpp(21,8): error C3668: 'eng::modules::ObjectRenderer::Exit': method with override specifier 'override' did not override any base class methods
  (compiling source file 'Examples/UnlitCubeExample.cpp')
  
C:\Eng\include\Modules.hpp(23,8): error C3668: 'eng::modules::ObjectRenderer::Render': method with override specifier 'override' did not override any base class methods
  (compiling source file 'Examples/UnlitCubeExample.cpp')
  
C:\Eng\include\Meshes.hpp(25,9): error C2440: 'initializing': cannot convert from 'eng::Vec3 [8]' to 'int *'
  (compiling source file 'Examples/UnlitCubeExample.cpp')
  C:\Eng\include\Meshes.hpp(25,9):
  Types pointed to are unrelated; conversion requires reinterpret_cast, C-style cast or parenthesized function-style cast
  
C:\Eng\include\Meshes.hpp(26,9): error C2078: too many initializers
  (compiling source file 'Examples/UnlitCubeExample.cpp')
  
C:\Eng\Examples\UnlitCubeExample.cpp(44,5): error C2664: 'size_t eng::Object::AddModule(eng::Module *)': cannot convert argument 1 from 'eng::modules::ObjectRenderer *' to 'eng::Module *'
  C:\Eng\Examples\UnlitCubeExample.cpp(44,16):
  Types pointed to are unrelated; conversion requires reinterpret_cast, C-style cast or parenthesized function-style cast
  C:\Eng\include\eng.hpp(158,15):
  see declaration of 'eng::Object::AddModule'
  C:\Eng\Examples\UnlitCubeExample.cpp(44,5):
  while trying to match the argument list '(eng::modules::ObjectRenderer *)'
  
  Camera.cpp
C:\Eng\include\RenderComponents.hpp(10,8): error C2039: 'Vec3': is not a member of 'eng'
  (compiling source file 'src/Camera.cpp')
  C:\Eng\include\RenderComponents.hpp(5,11):
  see declaration of 'eng'
  
C:\Eng\include\RenderComponents.hpp(10,12): error C2143: syntax error: missing ';' before '*'
  (compiling source file 'src/Camera.cpp')
  
C:\Eng\include\RenderComponents.hpp(10,12): error C4430: missing type specifier - int assumed. Note: C++ does not support default-int
  (compiling source file 'src/Camera.cpp')
  
C:\Eng\include\RenderComponents.hpp(10,22): error C2238: unexpected token(s) preceding ';'
  (compiling source file 'src/Camera.cpp')
  
C:\Eng\include\Modules.hpp(13,32): error C2504: 'Module': base class undefined
  (compiling source file 'src/Camera.cpp')
  
C:\Eng\include\Modules.hpp(19,8): error C3668: 'eng::modules::ObjectRenderer::Start': method with override specifier 'override' did not override any base class methods
  (compiling source file 'src/Camera.cpp')
  
C:\Eng\include\Modules.hpp(20,8): error C3668: 'eng::modules::ObjectRenderer::Update': method with override specifier 'override' did not override any base class methods
  (compiling source file 'src/Camera.cpp')
  
C:\Eng\include\Modules.hpp(21,8): error C3668: 'eng::modules::ObjectRenderer::Exit': method with override specifier 'override' did not override any base class methods
  (compiling source file 'src/Camera.cpp')
  
C:\Eng\include\Modules.hpp(23,8): error C3668: 'eng::modules::ObjectRenderer::Render': method with override specifier 'override' did not override any base class methods
  (compiling source file 'src/Camera.cpp')
  
  Engine.cpp
C:\Eng\include\RenderComponents.hpp(10,8): error C2039: 'Vec3': is not a member of 'eng'
  (compiling source file 'src/Engine.cpp')
  C:\Eng\include\RenderComponents.hpp(5,11):
  see declaration of 'eng'
  
C:\Eng\include\RenderComponents.hpp(10,12): error C2143: syntax error: missing ';' before '*'
  (compiling source file 'src/Engine.cpp')
  
C:\Eng\include\RenderComponents.hpp(10,12): error C4430: missing type specifier - int assumed. Note: C++ does not support default-int
  (compiling source file 'src/Engine.cpp')
  
C:\Eng\include\RenderComponents.hpp(10,22): error C2238: unexpected token(s) preceding ';'
  (compiling source file 'src/Engine.cpp')
  
C:\Eng\include\Modules.hpp(13,32): error C2504: 'Module': base class undefined
  (compiling source file 'src/Engine.cpp')
  
C:\Eng\include\Modules.hpp(19,8): error C3668: 'eng::modules::ObjectRenderer::Start': method with override specifier 'override' did not override any base class methods
  (compiling source file 'src/Engine.cpp')
  
C:\Eng\include\Modules.hpp(20,8): error C3668: 'eng::modules::ObjectRenderer::Update': method with override specifier 'override' did not override any base class methods
  (compiling source file 'src/Engine.cpp')
  
C:\Eng\include\Modules.hpp(21,8): error C3668: 'eng::modules::ObjectRenderer::Exit': method with override specifier 'override' did not override any base class methods
  (compiling source file 'src/Engine.cpp')
  
C:\Eng\include\Modules.hpp(23,8): error C3668: 'eng::modules::ObjectRenderer::Render': method with override specifier 'override' did not override any base class methods
  (compiling source file 'src/Engine.cpp')
  
  Object.cpp
C:\Eng\include\RenderComponents.hpp(10,8): error C2039: 'Vec3': is not a member of 'eng'
  (compiling source file 'src/Object.cpp')
  C:\Eng\include\RenderComponents.hpp(5,11):
  see declaration of 'eng'
  
C:\Eng\include\RenderComponents.hpp(10,12): error C2143: syntax error: missing ';' before '*'
  (compiling source file 'src/Object.cpp')
  
C:\Eng\include\RenderComponents.hpp(10,12): error C4430: missing type specifier - int assumed. Note: C++ does not support default-int
  (compiling source file 'src/Object.cpp')
  
C:\Eng\include\RenderComponents.hpp(10,22): error C2238: unexpected token(s) preceding ';'
  (compiling source file 'src/Object.cpp')
  
C:\Eng\include\Modules.hpp(13,32): error C2504: 'Module': base class undefined
  (compiling source file 'src/Object.cpp')
  
C:\Eng\include\Modules.hpp(19,8): error C3668: 'eng::modules::ObjectRenderer::Start': method with override specifier 'override' did not override any base class methods
  (compiling source file 'src/Object.cpp')
  
C:\Eng\include\Modules.hpp(20,8): error C3668: 'eng::modules::ObjectRenderer::Update': method with override specifier 'override' did not override any base class methods
  (compiling source file 'src/Object.cpp')
  
C:\Eng\include\Modules.hpp(21,8): error C3668: 'eng::modules::ObjectRenderer::Exit': method with override specifier 'override' did not override any base class methods
  (compiling source file 'src/Object.cpp')
  
C:\Eng\include\Modules.hpp(23,8): error C3668: 'eng::modules::ObjectRenderer::Render': method with override specifier 'override' did not override any base class methods
  (compiling source file 'src/Object.cpp')
  
  Generating Code...
